<?xml version="1.0" encoding="UTF-8"?>
<testng-results skipped="0" failed="0" total="1" passed="1">
  <reporter-output>
  </reporter-output>
  <suite name="Default suite" duration-ms="17856" started-at="2020-03-26T10:41:23Z" finished-at="2020-03-26T10:41:41Z">
    <groups>
    </groups>
    <test name="Default test" duration-ms="17856" started-at="2020-03-26T10:41:23Z" finished-at="2020-03-26T10:41:41Z">
      <class name="Selenium.seleniumTest2">
        <test-method status="PASS" signature="gmail()[pri:0, instance:Selenium.seleniumTest2@48eff760]" name="gmail" duration-ms="17812" started-at="2020-03-26T16:11:23Z" finished-at="2020-03-26T16:11:41Z">
          <reporter-output>
          </reporter-output>
        </test-method> <!-- gmail -->
      </class> <!-- Selenium.seleniumTest2 -->
    </test> <!-- Default test -->
  </suite> <!-- Default suite -->
</testng-results>
